<?xml version="1.0" encoding="UTF-8"?>
<!-- Generated by org.testng.reporters.JUnitReportReporter -->
<testsuite hostname="2e2b87a67fea59f" failures="0" tests="16" name="com.dailyjournal.tests.DailyJournalSmokeTests" time="8.204" errors="1" timestamp="2025-06-19T13:13:27 IST" skipped="15">
  <testcase classname="com.dailyjournal.tests.DailyJournalSmokeTests" name="testEditJournalEntry" time="0.000">
    <skipped/>
  </testcase> <!-- testEditJournalEntry -->
  <system-out/>
  <testcase classname="com.dailyjournal.tests.DailyJournalSmokeTests" name="testMoodSelection" time="0.000">
    <skipped/>
  </testcase> <!-- testMoodSelection -->
  <system-out/>
  <testcase classname="com.dailyjournal.tests.DailyJournalSmokeTests" name="testUserLogout" time="0.000">
    <skipped/>
  </testcase> <!-- testUserLogout -->
  <system-out/>
  <testcase classname="com.dailyjournal.tests.DailyJournalSmokeTests" name="testMobileResponsiveness" time="0.000">
    <skipped/>
  </testcase> <!-- testMobileResponsiveness -->
  <system-out/>
  <testcase classname="com.dailyjournal.tests.DailyJournalSmokeTests" name="testFilterMoodByDate" time="0.000">
    <skipped/>
  </testcase> <!-- testFilterMoodByDate -->
  <system-out/>
  <testcase classname="com.dailyjournal.tests.DailyJournalSmokeTests" name="testDeleteJournalEntry" time="0.000">
    <skipped/>
  </testcase> <!-- testDeleteJournalEntry -->
  <system-out/>
  <testcase classname="com.dailyjournal.tests.DailyJournalSmokeTests" name="testUserLogin" time="0.000">
    <skipped/>
  </testcase> <!-- testUserLogin -->
  <system-out/>
  <testcase classname="com.dailyjournal.tests.DailyJournalSmokeTests" name="setUp" time="8.204">
    <error message="Could not start a new session. Response code 500. Message: session not created: This version of ChromeDriver only supports Chrome version 114
Current browser version is 137.0.7151.104 with binary path C:\Program Files\Google\Chrome\Application\chrome.exe 
Host info: host: &#039;2E2B87A67FEA59F&#039;, ip: &#039;172.19.5.183&#039;
Build info: version: &#039;4.16.1&#039;, revision: &#039;9b4c83354e&#039;
System info: os.name: &#039;Windows 10&#039;, os.arch: &#039;amd64&#039;, os.version: &#039;10.0&#039;, java.version: &#039;17.0.12&#039;
Driver info: org.openqa.selenium.chrome.ChromeDriver
Command: [null, newSession {capabilities=[Capabilities {browserName: chrome, goog:chromeOptions: {args: [--remote-allow-origins=*, --no-sandbox, --disable-dev-shm-usage], extensions: []}}]}]" type="org.openqa.selenium.SessionNotCreatedException">
      <![CDATA[org.openqa.selenium.SessionNotCreatedException: Could not start a new session. Response code 500. Message: session not created: This version of ChromeDriver only supports Chrome version 114
Current browser version is 137.0.7151.104 with binary path C:\Program Files\Google\Chrome\Application\chrome.exe 
Host info: host: '2E2B87A67FEA59F', ip: '172.19.5.183'
Build info: version: '4.16.1', revision: '9b4c83354e'
System info: os.name: 'Windows 10', os.arch: 'amd64', os.version: '10.0', java.version: '17.0.12'
Driver info: org.openqa.selenium.chrome.ChromeDriver
Command: [null, newSession {capabilities=[Capabilities {browserName: chrome, goog:chromeOptions: {args: [--remote-allow-origins=*, --no-sandbox, --disable-dev-shm-usage], extensions: []}}]}]
at org.openqa.selenium.remote.ProtocolHandshake.createSession(ProtocolHandshake.java:140)
at org.openqa.selenium.remote.ProtocolHandshake.createSession(ProtocolHandshake.java:96)
at org.openqa.selenium.remote.ProtocolHandshake.createSession(ProtocolHandshake.java:68)
at org.openqa.selenium.remote.HttpCommandExecutor.execute(HttpCommandExecutor.java:163)
at org.openqa.selenium.remote.service.DriverCommandExecutor.invokeExecute(DriverCommandExecutor.java:200)
at org.openqa.selenium.remote.service.DriverCommandExecutor.execute(DriverCommandExecutor.java:175)
at org.openqa.selenium.remote.RemoteWebDriver.execute(RemoteWebDriver.java:523)
at org.openqa.selenium.remote.RemoteWebDriver.startSession(RemoteWebDriver.java:237)
at org.openqa.selenium.remote.RemoteWebDriver.<init>(RemoteWebDriver.java:164)
at org.openqa.selenium.chromium.ChromiumDriver.<init>(ChromiumDriver.java:114)
at org.openqa.selenium.chrome.ChromeDriver.<init>(ChromeDriver.java:89)
at org.openqa.selenium.chrome.ChromeDriver.<init>(ChromeDriver.java:84)
at org.openqa.selenium.chrome.ChromeDriver.<init>(ChromeDriver.java:73)
at com.dailyjournal.utils.WebDriverFactory.getChrome137Driver(WebDriverFactory.java:135)
at com.dailyjournal.utils.WebDriverFactory.setupDriver(WebDriverFactory.java:102)
at com.dailyjournal.tests.DailyJournalSmokeTests.setUp(DailyJournalSmokeTests.java:25)
at java.base/jdk.internal.reflect.NativeMethodAccessorImpl.invoke0(Native Method)
at java.base/jdk.internal.reflect.NativeMethodAccessorImpl.invoke(NativeMethodAccessorImpl.java:77)
at java.base/jdk.internal.reflect.DelegatingMethodAccessorImpl.invoke(DelegatingMethodAccessorImpl.java:43)
at java.base/java.lang.reflect.Method.invoke(Method.java:568)
at org.testng.internal.MethodInvocationHelper.invokeMethod(MethodInvocationHelper.java:133)
at org.testng.internal.MethodInvocationHelper.invokeMethodConsideringTimeout(MethodInvocationHelper.java:62)
at org.testng.internal.ConfigInvoker.invokeConfigurationMethod(ConfigInvoker.java:385)
at org.testng.internal.ConfigInvoker.invokeConfigurations(ConfigInvoker.java:321)
at org.testng.internal.TestInvoker.runConfigMethods(TestInvoker.java:700)
at org.testng.internal.TestInvoker.invokeMethod(TestInvoker.java:527)
at org.testng.internal.TestInvoker.invokeTestMethod(TestInvoker.java:173)
at org.testng.internal.MethodRunner.runInSequence(MethodRunner.java:46)
at org.testng.internal.TestInvoker$MethodInvocationAgent.invoke(TestInvoker.java:824)
at org.testng.internal.TestInvoker.invokeTestMethods(TestInvoker.java:146)
at org.testng.internal.TestMethodWorker.invokeTestMethods(TestMethodWorker.java:146)
at org.testng.internal.TestMethodWorker.run(TestMethodWorker.java:128)
at java.base/java.util.ArrayList.forEach(ArrayList.java:1511)
at org.testng.TestRunner.privateRun(TestRunner.java:794)
at org.testng.TestRunner.run(TestRunner.java:596)
at org.testng.SuiteRunner.runTest(SuiteRunner.java:377)
at org.testng.SuiteRunner.runSequentially(SuiteRunner.java:371)
at org.testng.SuiteRunner.privateRun(SuiteRunner.java:332)
at org.testng.SuiteRunner.run(SuiteRunner.java:276)
at org.testng.SuiteRunnerWorker.runSuite(SuiteRunnerWorker.java:53)
at org.testng.SuiteRunnerWorker.run(SuiteRunnerWorker.java:96)
at org.testng.TestNG.runSuitesSequentially(TestNG.java:1212)
at org.testng.TestNG.runSuitesLocally(TestNG.java:1134)
at org.testng.TestNG.runSuites(TestNG.java:1063)
at org.testng.TestNG.run(TestNG.java:1031)
at org.apache.maven.surefire.testng.TestNGExecutor.run(TestNGExecutor.java:135)
at org.apache.maven.surefire.testng.TestNGDirectoryTestSuite.executeMulti(TestNGDirectoryTestSuite.java:193)
at org.apache.maven.surefire.testng.TestNGDirectoryTestSuite.execute(TestNGDirectoryTestSuite.java:94)
at org.apache.maven.surefire.testng.TestNGProvider.invoke(TestNGProvider.java:146)
at org.apache.maven.surefire.booter.ForkedBooter.invokeProviderInSameClassLoader(ForkedBooter.java:384)
at org.apache.maven.surefire.booter.ForkedBooter.runSuitesInProcess(ForkedBooter.java:345)
at org.apache.maven.surefire.booter.ForkedBooter.execute(ForkedBooter.java:126)
at org.apache.maven.surefire.booter.ForkedBooter.main(ForkedBooter.java:418)
]]>
    </error>
  </testcase> <!-- setUp -->
  <system-out/>
  <testcase classname="com.dailyjournal.tests.DailyJournalSmokeTests" name="testMoodOptions" time="0.000">
    <skipped/>
  </testcase> <!-- testMoodOptions -->
  <system-out/>
  <testcase classname="com.dailyjournal.tests.DailyJournalSmokeTests" name="testExportMoodData" time="0.000">
    <skipped/>
  </testcase> <!-- testExportMoodData -->
  <system-out/>
  <testcase classname="com.dailyjournal.tests.DailyJournalSmokeTests" name="testUserRegistration" time="0.000">
    <skipped/>
  </testcase> <!-- testUserRegistration -->
  <system-out/>
  <testcase classname="com.dailyjournal.tests.DailyJournalSmokeTests" name="testBrowserCompatibility" time="0.000">
    <skipped/>
  </testcase> <!-- testBrowserCompatibility -->
  <system-out/>
  <testcase classname="com.dailyjournal.tests.DailyJournalSmokeTests" name="testViewMoodTrends" time="0.000">
    <skipped/>
  </testcase> <!-- testViewMoodTrends -->
  <system-out/>
  <testcase classname="com.dailyjournal.tests.DailyJournalSmokeTests" name="testViewJournalEntry" time="0.000">
    <skipped/>
  </testcase> <!-- testViewJournalEntry -->
  <system-out/>
  <testcase classname="com.dailyjournal.tests.DailyJournalSmokeTests" name="testChangeMood" time="0.000">
    <skipped/>
  </testcase> <!-- testChangeMood -->
  <system-out/>
  <testcase classname="com.dailyjournal.tests.DailyJournalSmokeTests" name="testCreateJournalEntry" time="0.000">
    <skipped/>
  </testcase> <!-- testCreateJournalEntry -->
  <system-out/>
</testsuite> <!-- com.dailyjournal.tests.DailyJournalSmokeTests -->
